  ProjectRobotDlg.cpp
ProjectRobotDlg.cpp(370): warning C4244: '=': 將 'double' 轉換為 'float'，由於類型不同，可能導致資料遺失
ProjectRobotDlg.cpp(409): warning C4244: '=': 將 'double' 轉換為 'int'，由於類型不同，可能導致資料遺失
ProjectRobotDlg.cpp(425): warning C4244: '正在初始化': 將 'double' 轉換為 'int'，由於類型不同，可能導致資料遺失
ProjectRobotDlg.cpp(442): warning C4244: '=': 將 'double' 轉換為 'int'，由於類型不同，可能導致資料遺失
ProjectRobotDlg.cpp(443): warning C4244: '=': 將 'double' 轉換為 'int'，由於類型不同，可能導致資料遺失
ProjectRobotDlg.cpp(563): warning C4551: 函式呼叫遺漏引數清單
ProjectRobotDlg.cpp(581): warning C4244: '引數': 將 'float' 轉換為 'int'，由於類型不同，可能導致資料遺失
ProjectRobotDlg.cpp(585): warning C4244: '引數': 將 'double' 轉換為 'int'，由於類型不同，可能導致資料遺失
ProjectRobotDlg.cpp(589): warning C4244: '=': 將 'float' 轉換為 'int'，由於類型不同，可能導致資料遺失
ProjectRobotDlg.cpp(590): warning C4244: '=': 將 'float' 轉換為 'int'，由於類型不同，可能導致資料遺失
ProjectRobotDlg.cpp(909): warning C4244: '引數': 將 'float' 轉換為 'int'，由於類型不同，可能導致資料遺失
ProjectRobotDlg.cpp(917): warning C4244: '引數': 將 'float' 轉換為 'int'，由於類型不同，可能導致資料遺失
  正在產生程式碼
  25 of 873 functions ( 2.9%) were compiled, the rest were copied from previous compilation.
    0 functions were new in current compilation
    3 functions had inline decision re-evaluated but remain unchanged
  已完成程式碼產生
  ProjectRobot.vcxproj -> C:\Users\dungdudu426\documents\visual studio 2015\Projects\ProjectRobot\x64\Release\ProjectRobot.exe
  ProjectRobot.vcxproj -> C:\Users\dungdudu426\documents\visual studio 2015\Projects\ProjectRobot\x64\Release\ProjectRobot.pdb (Full PDB)
